Initializing JettraStoreEngine...
Starting JettraStorageEngine at /home/avbravo/NetBeansProjects/jettrastack_local/JettraWorkspace/JettraStoreEngine/./data
[RaftServerOrchestrator] Initializing Raft Server on 127.0.0.1
SLF4J: No SLF4J providers were found.
SLF4J: Defaulting to no-operation (NOP) logger implementation
SLF4J: See https://www.slf4j.org/codes.html#noProviders for further details.
WARNING: A terminally deprecated method in sun.misc.Unsafe has been called
WARNING: sun.misc.Unsafe::objectFieldOffset has been called by org.apache.ratis.thirdparty.com.google.common.util.concurrent.AbstractFuture$UnsafeAtomicHelper (file:/home/avbravo/NetBeansProjects/jettrastack_local/JettraWorkspace/JettraStoreEngine/target/JettraStoreEngine-1.0-SNAPSHOT.jar)
WARNING: Please consider reporting this to the maintainers of class org.apache.ratis.thirdparty.com.google.common.util.concurrent.AbstractFuture$UnsafeAtomicHelper
WARNING: sun.misc.Unsafe::objectFieldOffset will be removed in a future release
WARNING: A restricted method in java.lang.System has been called
WARNING: java.lang.System::loadLibrary has been called by org.apache.ratis.thirdparty.io.netty.util.internal.NativeLibraryUtil in an unnamed module (file:/home/avbravo/NetBeansProjects/jettrastack_local/JettraWorkspace/JettraStoreEngine/target/JettraStoreEngine-1.0-SNAPSHOT.jar)
WARNING: Use --enable-native-access=ALL-UNNAMED to avoid a warning for callers in this module
WARNING: Restricted methods will be blocked in a future release unless native access is enabled

[RaftServerOrchestrator] Raft Server started successfully on 127.0.0.1:50051
Initializing Graph Engine...
Initializing KeyValue Engine...
Initializing Geospatial Engine...
Initializing Column Engine...
Initializing Document Engine (JSON storage with validation)...
Initializing Object Engine...
Initializing TimeSeries Engine...
Initializing Vector Engine (JVector integration)...
[Phase 1 Verification] Testing DocumentEngine...
[Phase 1 Verification] Inserted document: sys_test:test_doc_1
[Phase 1 Verification] Retrieved document: {"name":"Jettra Engine","version":"1.0"}
Starting JettraServerOrchestrator...
REST/GraphQL Port: 8082
gRPC Port: 9090
Starting JettraServer...
Java version: 25.0.3
[JettraServer] server.typebackend=true detected. Initializing JettraSecurityDB...
[JettraSecurityDBInitializer] Security records already exist. Skipping default initialization.
Initializing ExampleRest and ConfigInjector...
null null
[JettraServer] Optimizando para Java 25: Uso de Compact Object Headers (JEP 450) detectado o configurado.
JettraServer HTTP server started on port 8082
JettraServer HTTP server contextpath = /
Features initialized: REST, gRPC, JWT, Health, FaultTolerance, Session, DI, Security (XSS).
User super-user must change their password!
Warning: Class User not found. Skipping JettraRules validation.
